<?xml version="1.0" encoding="UTF-8"?>
<!-- Generated by org.testng.reporters.JUnitReportReporter -->
<testsuite hostname="Jintu" failures="0" tests="3" name="tests.TC03_AddEntitlements" time="64.480" errors="0" timestamp="2022-05-09T07:56:03 IST" skipped="0">
  <testcase classname="tests.TC03_AddEntitlements" name="TC_032_AddEntitlements" time="23.001"/>
  <system-out/>
  <testcase classname="tests.TC03_AddEntitlements" name="TC_03_AddEntitlements" time="21.063"/>
  <system-out/>
  <testcase classname="tests.TC03_AddEntitlements" name="TC_031_AddEntitlements" time="20.416"/>
  <system-out/>
</testsuite> <!-- tests.TC03_AddEntitlements -->
