<?xml version="1.0" encoding="UTF-8"?>
<!-- Generated by org.testng.reporters.JUnitReportReporter -->
<testsuite hostname="Jintu" failures="0" tests="3" name="tests.TC05_ApplyLeave" time="43.961" errors="0" timestamp="2022-05-09T07:56:03 IST" skipped="0">
  <testcase classname="tests.TC05_ApplyLeave" name="TC_05_ApplyLeave" time="17.248"/>
  <system-out/>
  <testcase classname="tests.TC05_ApplyLeave" name="TC_051_ApplyLeave" time="13.571"/>
  <system-out/>
  <testcase classname="tests.TC05_ApplyLeave" name="TC_052_ApplyLeave" time="13.142"/>
  <system-out/>
</testsuite> <!-- tests.TC05_ApplyLeave -->
