<?xml version="1.0" encoding="UTF-8"?>
<!-- Generated by org.testng.reporters.JUnitReportReporter -->
<testsuite hostname="Jintu" failures="0" tests="1" name="tests.TC10_Login" time="18.326" errors="0" timestamp="2022-05-05T08:06:12 IST" skipped="0">
  <testcase classname="tests.TC10_Login" name="TC_10_LoginHRM" time="18.326"/>
  <system-out/>
</testsuite> <!-- tests.TC10_Login -->
