<?xml version="1.0" encoding="UTF-8"?>
<!-- Generated by org.testng.reporters.JUnitReportReporter -->
<testsuite hostname="Jintu" failures="0" tests="1" name="tests.TestExample" time="0.010" errors="0" timestamp="2022-05-12T08:20:55 IST" skipped="0">
  <testcase classname="tests.TestExample" name="ex" time="0.010"/>
  <system-out/>
</testsuite> <!-- tests.TestExample -->
