<?xml version="1.0" encoding="UTF-8"?>
<!-- Generated by org.testng.reporters.JUnitReportReporter -->
<testsuite hostname="Jintu" failures="0" tests="1" name="tests.TC04_ApproveLeave" time="24.084" errors="0" timestamp="2022-05-09T08:28:33 IST" skipped="0">
  <testcase classname="tests.TC04_ApproveLeave" name="TC_06_ApproveLeave" time="24.084"/>
  <system-out/>
</testsuite> <!-- tests.TC04_ApproveLeave -->
