<?xml version="1.0" encoding="UTF-8"?>
<!-- Generated by org.testng.reporters.JUnitReportReporter -->
<testsuite hostname="Jintu" failures="0" tests="1" name="tests.TestExample" time="0.000" errors="0" timestamp="2022-05-14T13:02:24 IST" skipped="0">
  <testcase classname="tests.TestExample" name="ex" time="0.000"/>
  <system-out/>
</testsuite> <!-- tests.TestExample -->
